C51 COMPILER V9.00   MAIN                                                                  11/09/2019 13:04:15 PAGE 1   


C51 COMPILER V9.00, COMPILATION OF MODULE MAIN
OBJECT MODULE PLACED IN main.OBJ
COMPILER INVOKED BY: D:\danpianji\C51\BIN\C51.EXE main.c BROWSE DEBUG OBJECTEXTEND

line level    source

   1          #include"reg52.h"
   2          #include"Tempture.h"  
   3          #include"lcd.h"
   4          
   5          void main()
   6          {
   7   1      uchar arry[51]={0,0,0,0,0,0,0,0,0,0,0,0,0,0,0,0,0,0,0,0,0,0,0,0,0,0,0,0,0,0,0,0,0,0,0,0,0,0,0,0};
   8   1         
   9   1        while(1)
  10   1        {
  11   2      
  12   2               
  13   2        if(DHT22Init())
  14   2        {
  15   3          Get40Bit(arry); 
  16   3              
  17   3         } 
  18   2              
  19   2       
  20   2               LcdInit();
  21   2               LcdWriteData(arry[0]);
  22   2               LcdWriteData(arry[1]);
  23   2               LcdWriteData(arry[2]);
  24   2               LcdWriteData(arry[3]);
  25   2               LcdWriteData(arry[4]);
  26   2               LcdWriteData(arry[5]);
  27   2               LcdWriteData(arry[6]);
  28   2               LcdWriteData(arry[7]);
  29   2               LcdWriteData(arry[8]);
  30   2               LcdWriteData(arry[9]);
  31   2               LcdWriteData(arry[10]);
  32   2               LcdWriteData(arry[11]);
  33   2               LcdWriteData(arry[12]);
  34   2               LcdWriteData(arry[13]);
  35   2               LcdWriteData(arry[14]);
  36   2               LcdWriteData(arry[15]);
  37   2              LcdWriteCom(0x80+0x40);
  38   2                LcdWriteData(arry[16]);
  39   2               LcdWriteData(arry[17]);
  40   2               LcdWriteData(arry[18]);
  41   2               LcdWriteData(arry[19]);
  42   2               LcdWriteData(arry[20]);
  43   2               LcdWriteData(arry[21]);
  44   2               LcdWriteData(arry[22]);
  45   2               LcdWriteData(arry[23]);
  46   2               LcdWriteData(arry[24]);
  47   2               LcdWriteData(arry[25]);
  48   2               LcdWriteData(arry[26]);
  49   2               LcdWriteData(arry[27]);
  50   2               LcdWriteData(arry[28]);
  51   2               LcdWriteData(arry[29]);
  52   2               LcdWriteData(arry[30]);
  53   2               LcdWriteData(arry[31]);
  54   2               delay1s();delay1s();delay1s();delay1s();delay1s();
  55   2              LcdWriteCom(0x01);
C51 COMPILER V9.00   MAIN                                                                  11/09/2019 13:04:15 PAGE 2   

  56   2      
  57   2           LcdWriteData(arry[32]);
  58   2               LcdWriteData(arry[33]);
  59   2               LcdWriteData(arry[34]);
  60   2               LcdWriteData(arry[35]);
  61   2               LcdWriteData(arry[36]);
  62   2               LcdWriteData(arry[37]);
  63   2               LcdWriteData(arry[38]);
  64   2               LcdWriteData(arry[39]);
  65   2               LcdWriteData(arry[40]);
  66   2               LcdWriteData(arry[41]);
  67   2               LcdWriteData(arry[42]);
  68   2               LcdWriteData(arry[43]);
  69   2               LcdWriteData(arry[44]);
  70   2               LcdWriteData(arry[45]);
  71   2               LcdWriteData(arry[46]);
  72   2               LcdWriteData(arry[47]);
  73   2         while(1);
  74   2       
  75   2        }
  76   1      }


MODULE INFORMATION:   STATIC OVERLAYABLE
   CODE SIZE        =    304    ----
   CONSTANT SIZE    =     51    ----
   XDATA SIZE       =   ----    ----
   PDATA SIZE       =   ----    ----
   DATA SIZE        =   ----      51
   IDATA SIZE       =   ----    ----
   BIT SIZE         =   ----    ----
END OF MODULE INFORMATION.


C51 COMPILATION COMPLETE.  0 WARNING(S),  0 ERROR(S)
