C51 COMPILER V9.00   TEMPTURE                                                              11/09/2019 13:04:15 PAGE 1   


C51 COMPILER V9.00, COMPILATION OF MODULE TEMPTURE
OBJECT MODULE PLACED IN Tempture.OBJ
COMPILER INVOKED BY: D:\danpianji\C51\BIN\C51.EXE Tempture.c BROWSE DEBUG OBJECTEXTEND

line level    source

   1          #include"Tempture.h"
   2          
   3                  void DelayX10us(uchar t)//dingshi
   4                  {
   5   1              do {
   6   2                  _nop_();
   7   2                  _nop_();
   8   2                  _nop_();
   9   2                  _nop_();
  10   2                  _nop_();
  11   2                  _nop_();
  12   2                  _nop_();
  13   2                  _nop_();
  14   2              } while (--t);
  15   1              }
  16          
  17          void delay1s(void)   //误差 0us
  18          {
  19   1          unsigned char a,b,c;
  20   1          for(c=167;c>0;c--)
  21   1              for(b=171;b>0;b--)
  22   1                  for(a=16;a>0;a--);
  23   1          _nop_();  //if Keil,require use intrins.h
  24   1      }
  25          void delay10us(void)   //误差 0us
  26          {
  27   1          unsigned char a,b;
  28   1          for(b=1;b>0;b--)
  29   1              for(a=1;a>0;a--);
  30   1      }
  31          
  32          
  33          uchar DHT22Init() //初始化DHT22
  34          {
  35   1         
  36   1        dataport=0;
  37   1        DelayX10us(52);
  38   1        dataport=1;
  39   1        DelayX10us(3);
  40   1        while(dataport);
  41   1        while(~dataport);
  42   1        DelayX10us(10);
  43   1        return 1;
  44   1      }  
  45          
  46          uchar GetOneBit()//获取一位数据
  47          {
  48   1          while(~dataport);
  49   1              //DelayX10us(4);
  50   1              delay10us();delay10us();delay10us();delay10us();
  51   1         if(dataport)
  52   1         {
  53   2           //DelayX10us(4);
  54   2               delay10us();delay10us();delay10us();delay10us();
  55   2                return '1';
C51 COMPILER V9.00   TEMPTURE                                                              11/09/2019 13:04:15 PAGE 2   

  56   2         }  
  57   1         else
  58   1         {
  59   2                return '0';
  60   2         }    
  61   1      }
  62          
  63          void Get40Bit(uchar *p)
  64          {
  65   1       uchar i;
  66   1       for(i=0;i<50;i++)
  67   1       {
  68   2              p[i]=GetOneBit();
  69   2       
  70   2       
  71   2       }
  72   1      
  73   1      }


MODULE INFORMATION:   STATIC OVERLAYABLE
   CODE SIZE        =    124    ----
   CONSTANT SIZE    =   ----    ----
   XDATA SIZE       =   ----    ----
   PDATA SIZE       =   ----    ----
   DATA SIZE        =   ----       3
   IDATA SIZE       =   ----    ----
   BIT SIZE         =   ----    ----
END OF MODULE INFORMATION.


C51 COMPILATION COMPLETE.  0 WARNING(S),  0 ERROR(S)
